<?xml version="1.0" encoding="UTF-8"?>
<testsuite xmlns:xsi="http://www.w3.org/2001/XMLSchema-instance" xsi:noNamespaceSchemaLocation="https://maven.apache.org/surefire/maven-surefire-plugin/xsd/surefire-test-report.xsd" name="com.example.coindesk.BitCoinTest" time="16.159" tests="5" errors="0" skipped="0" failures="0">
  <properties>
[...]
</properties>
  <testcase name="InsetBitCoinTest" classname="com.example.coindesk.BitCoinTest" time="0.424"/>
  <testcase name="SelectAllBitCoidTest" classname="com.example.coindesk.BitCoinTest" time="0.292"/>
  <testcase name="UpdateVitCoindTest" classname="com.example.coindesk.BitCoinTest" time="0.087"/>
  <testcase name="callApi" classname="com.example.coindesk.BitCoinTest" time="1.137"/>
  <testcase name="deleteBitcoinTest" classname="com.example.coindesk.BitCoinTest" time="0.043"/>
</testsuite>